<?xml version="1.0" encoding="UTF-8"?>
<!-- Generated by org.testng.reporters.JUnitReportReporter -->
<testsuite skipped="0" hostname="Devansh-PC" name="com.crm.qa.test.LoginPageTest" tests="2" failures="0" timestamp="31 May 2018 09:23:30 GMT" time="18.534" errors="0">
  <testcase name="loginPageTitleTest" time="9.885" classname="com.crm.qa.test.LoginPageTest"/>
  <testcase name="CRMLogoImageTest" time="8.649" classname="com.crm.qa.test.LoginPageTest"/>
</testsuite> <!-- com.crm.qa.test.LoginPageTest -->
