<?xml version="1.0" encoding="UTF-8"?>
<!-- Generated by org.testng.reporters.JUnitReportReporter -->
<testsuite skipped="0" hostname="Devansh-PC" name="com.crm.qa.test.HomePageTest" tests="1" failures="0" timestamp="31 May 2018 09:23:30 GMT" time="21.461" errors="0">
  <testcase name="verifyHomePageTitleTest" time="21.461" classname="com.crm.qa.test.HomePageTest"/>
</testsuite> <!-- com.crm.qa.test.HomePageTest -->
