<?xml version="1.0" encoding="UTF-8"?>
<!-- Generated by org.testng.reporters.JUnitReportReporter -->
<testsuite skipped="0" hostname="Devansh-PC" name="com.crm.qa.test.ContactsPageTest" tests="1" failures="0" timestamp="31 May 2018 09:23:30 GMT" time="15.835" errors="0">
  <testcase name="verifyContactsLabelTest" time="15.835" classname="com.crm.qa.test.ContactsPageTest"/>
</testsuite> <!-- com.crm.qa.test.ContactsPageTest -->
